<?xml version="1.0" encoding="UTF-8"?>
<!-- Generated by org.testng.reporters.JUnitReportReporter -->
<testsuite hostname="LAPTOP-Q93TU05O" failures="0" tests="1" name="testCases.TC001_AccountRegistrationTest" time="2.528" errors="0" timestamp="2025-06-07T11:51:04 IST" skipped="0">
  <testcase classname="testCases.TC001_AccountRegistrationTest" name="verify_account_registration" time="2.528"/>
</testsuite> <!-- testCases.TC001_AccountRegistrationTest -->
